[debug] [2018-05-26T03:13:43.325Z] ----------------------------------------------------------------------
[debug] [2018-05-26T03:13:43.328Z] Command:       /usr/bin/node /usr/bin/firebase serve
[debug] [2018-05-26T03:13:43.328Z] CLI Version:   3.18.5
[debug] [2018-05-26T03:13:43.328Z] Platform:      linux
[debug] [2018-05-26T03:13:43.328Z] Node Version:  v8.11.2
[debug] [2018-05-26T03:13:43.329Z] Time:          Sat May 26 2018 08:43:43 GMT+0530 (IST)
[debug] [2018-05-26T03:13:43.329Z] ----------------------------------------------------------------------
[debug] 
[debug] [2018-05-26T03:13:43.341Z] > command requires scopes: ["email","openid","https://www.googleapis.com/auth/cloudplatformprojects.readonly","https://www.googleapis.com/auth/firebase","https://www.googleapis.com/auth/cloud-platform"]
[debug] [2018-05-26T03:13:43.341Z] > authorizing via signed-in user
[debug] [2018-05-26T03:13:43.343Z] > refreshing access token with scopes: ["email","https://www.googleapis.com/auth/cloud-platform","https://www.googleapis.com/auth/cloudplatformprojects.readonly","https://www.googleapis.com/auth/firebase","openid"]
[debug] [2018-05-26T03:13:43.343Z] >>> HTTP REQUEST POST https://www.googleapis.com/oauth2/v3/token  
 { refresh_token: '1/2auILIOcRZtigemUwTGwJzFM-FTgcUJkrinkggdE8WhqRbkch_uQWR8Bf2gAzHf-',
  client_id: '563584335869-fgrhgmd47bqnekij5i8b5pr03ho849e6.apps.googleusercontent.com',
  client_secret: 'j9iVZfS8kkCEFUPaAeJV0sAi',
  grant_type: 'refresh_token',
  scope: 'email https://www.googleapis.com/auth/cloud-platform https://www.googleapis.com/auth/cloudplatformprojects.readonly https://www.googleapis.com/auth/firebase openid' } 
 Sat May 26 2018 08:43:43 GMT+0530 (IST)
[debug] [2018-05-26T03:13:43.994Z] <<< HTTP RESPONSE 200
[debug] [2018-05-26T03:13:44.034Z] >>> HTTP REQUEST GET https://admin.firebase.com/v1/projects/festive-vim-193813  
  
 Sat May 26 2018 08:43:44 GMT+0530 (IST)
[debug] [2018-05-26T03:13:45.765Z] <<< HTTP RESPONSE 200
[debug] [2018-05-26T03:13:45.766Z] >>> HTTP REQUEST GET https://admin.firebase.com/v1/database/festive-vim-193813/tokens  
  
 Sat May 26 2018 08:43:45 GMT+0530 (IST)
[debug] [2018-05-26T03:13:47.215Z] <<< HTTP RESPONSE 200
[debug] [2018-05-26T03:13:47.216Z] >>> HTTP REQUEST GET https://cloudresourcemanager.googleapis.com/v1/projects/festive-vim-193813  
  
 Sat May 26 2018 08:43:47 GMT+0530 (IST)
[debug] [2018-05-26T03:13:49.127Z] <<< HTTP RESPONSE 200
[info] 
[info] === Serving from '/root/Documents/Coding/Firebase Project/Sample-Firebase-Application'...
[info] 
[debug] [2018-05-26T03:13:49.130Z] >>> HTTP REQUEST GET https://mobilesdk-pa.googleapis.com/v1/projects/336887983574/clients/_:getWebAppConfig  
  
 Sat May 26 2018 08:43:49 GMT+0530 (IST)
[debug] [2018-05-26T03:13:50.408Z] <<< HTTP RESPONSE 200
[info] i  hosting: Serving hosting files from: public
[info] ✔  hosting: Local server: http://localhost:5000

